<?xml version="1.0" encoding="UTF-8"?>
<testsuite xmlns:xsi="http://www.w3.org/2001/XMLSchema-instance" xsi:noNamespaceSchemaLocation="https://maven.apache.org/surefire/maven-surefire-plugin/xsd/surefire-test-report-3.0.xsd" version="3.0" name="org.mybatis.jpetstore.domain.OrderTest" time="0.005" tests="1" errors="0" skipped="0" failures="0">
  <properties>
    <property name="sun.desktop" value="windows"/>
    <property name="awt.toolkit" value="sun.awt.windows.WToolkit"/>
    <property name="java.specification.version" value="12"/>
    <property name="sun.cpu.isalist" value="amd64"/>
    <property name="sun.jnu.encoding" value="Cp1252"/>
    <property name="java.class.path" value="C:\Users\xuhliu\Desktop\petstore.xuhliu\target\test-classes;C:\Users\xuhliu\Desktop\petstore.xuhliu\target\classes;C:\Users\xuhliu\.m2\repository\org\mybatis\mybatis\3.5.2\mybatis-3.5.2.jar;C:\Users\xuhliu\.m2\repository\org\mybatis\mybatis-spring\2.0.2\mybatis-spring-2.0.2.jar;C:\Users\xuhliu\.m2\repository\org\springframework\spring-context\5.1.8.RELEASE\spring-context-5.1.8.RELEASE.jar;C:\Users\xuhliu\.m2\repository\org\springframework\spring-aop\5.1.8.RELEASE\spring-aop-5.1.8.RELEASE.jar;C:\Users\xuhliu\.m2\repository\org\springframework\spring-beans\5.1.8.RELEASE\spring-beans-5.1.8.RELEASE.jar;C:\Users\xuhliu\.m2\repository\org\springframework\spring-core\5.1.8.RELEASE\spring-core-5.1.8.RELEASE.jar;C:\Users\xuhliu\.m2\repository\org\springframework\spring-jcl\5.1.8.RELEASE\spring-jcl-5.1.8.RELEASE.jar;C:\Users\xuhliu\.m2\repository\org\springframework\spring-expression\5.1.8.RELEASE\spring-expression-5.1.8.RELEASE.jar;C:\Users\xuhliu\.m2\repository\org\springframework\spring-jdbc\5.1.8.RELEASE\spring-jdbc-5.1.8.RELEASE.jar;C:\Users\xuhliu\.m2\repository\org\springframework\spring-tx\5.1.8.RELEASE\spring-tx-5.1.8.RELEASE.jar;C:\Users\xuhliu\.m2\repository\org\springframework\spring-web\5.1.8.RELEASE\spring-web-5.1.8.RELEASE.jar;C:\Users\xuhliu\.m2\repository\net\sourceforge\stripes\stripes\1.6.0\stripes-1.6.0.jar;C:\Users\xuhliu\.m2\repository\commons-logging\commons-logging\1.1.3\commons-logging-1.1.3.jar;C:\Users\xuhliu\.m2\repository\org\apache\taglibs\taglibs-standard-spec\1.2.5\taglibs-standard-spec-1.2.5.jar;C:\Users\xuhliu\.m2\repository\org\apache\taglibs\taglibs-standard-impl\1.2.5\taglibs-standard-impl-1.2.5.jar;C:\Users\xuhliu\.m2\repository\javax\servlet\jsp\javax.servlet.jsp-api\2.2.1\javax.servlet.jsp-api-2.2.1.jar;C:\Users\xuhliu\.m2\repository\javax\servlet\javax.servlet-api\3.0.1\javax.servlet-api-3.0.1.jar;C:\Users\xuhliu\.m2\repository\log4j\log4j\1.2.17\log4j-1.2.17.jar;C:\Users\xuhliu\.m2\repository\org\hsqldb\hsqldb\2.5.0\hsqldb-2.5.0.jar;C:\Users\xuhliu\.m2\repository\org\junit\jupiter\junit-jupiter-engine\5.5.0\junit-jupiter-engine-5.5.0.jar;C:\Users\xuhliu\.m2\repository\org\apiguardian\apiguardian-api\1.1.0\apiguardian-api-1.1.0.jar;C:\Users\xuhliu\.m2\repository\org\junit\platform\junit-platform-engine\1.5.0\junit-platform-engine-1.5.0.jar;C:\Users\xuhliu\.m2\repository\org\opentest4j\opentest4j\1.2.0\opentest4j-1.2.0.jar;C:\Users\xuhliu\.m2\repository\org\junit\platform\junit-platform-commons\1.5.0\junit-platform-commons-1.5.0.jar;C:\Users\xuhliu\.m2\repository\org\junit\jupiter\junit-jupiter-api\5.5.0\junit-jupiter-api-5.5.0.jar;C:\Users\xuhliu\.m2\repository\org\mockito\mockito-core\3.0.0\mockito-core-3.0.0.jar;C:\Users\xuhliu\.m2\repository\net\bytebuddy\byte-buddy\1.9.10\byte-buddy-1.9.10.jar;C:\Users\xuhliu\.m2\repository\net\bytebuddy\byte-buddy-agent\1.9.10\byte-buddy-agent-1.9.10.jar;C:\Users\xuhliu\.m2\repository\org\objenesis\objenesis\2.6\objenesis-2.6.jar;C:\Users\xuhliu\.m2\repository\org\mockito\mockito-junit-jupiter\3.0.0\mockito-junit-jupiter-3.0.0.jar;C:\Users\xuhliu\.m2\repository\org\assertj\assertj-core\3.12.2\assertj-core-3.12.2.jar;C:\Users\xuhliu\.m2\repository\com\codeborne\selenide\5.2.4\selenide-5.2.4.jar;C:\Users\xuhliu\.m2\repository\org\seleniumhq\selenium\selenium-java\3.141.59\selenium-java-3.141.59.jar;C:\Users\xuhliu\.m2\repository\org\seleniumhq\selenium\selenium-chrome-driver\3.141.59\selenium-chrome-driver-3.141.59.jar;C:\Users\xuhliu\.m2\repository\org\seleniumhq\selenium\selenium-edge-driver\3.141.59\selenium-edge-driver-3.141.59.jar;C:\Users\xuhliu\.m2\repository\org\seleniumhq\selenium\selenium-firefox-driver\3.141.59\selenium-firefox-driver-3.141.59.jar;C:\Users\xuhliu\.m2\repository\org\seleniumhq\selenium\selenium-ie-driver\3.141.59\selenium-ie-driver-3.141.59.jar;C:\Users\xuhliu\.m2\repository\org\seleniumhq\selenium\selenium-opera-driver\3.141.59\selenium-opera-driver-3.141.59.jar;C:\Users\xuhliu\.m2\repository\org\seleniumhq\selenium\selenium-remote-driver\3.141.59\selenium-remote-driver-3.141.59.jar;C:\Users\xuhliu\.m2\repository\org\seleniumhq\selenium\selenium-safari-driver\3.141.59\selenium-safari-driver-3.141.59.jar;C:\Users\xuhliu\.m2\repository\org\apache\commons\commons-exec\1.3\commons-exec-1.3.jar;C:\Users\xuhliu\.m2\repository\com\google\guava\guava\25.0-jre\guava-25.0-jre.jar;C:\Users\xuhliu\.m2\repository\com\google\code\findbugs\jsr305\1.3.9\jsr305-1.3.9.jar;C:\Users\xuhliu\.m2\repository\org\checkerframework\checker-compat-qual\2.0.0\checker-compat-qual-2.0.0.jar;C:\Users\xuhliu\.m2\repository\com\google\errorprone\error_prone_annotations\2.1.3\error_prone_annotations-2.1.3.jar;C:\Users\xuhliu\.m2\repository\com\google\j2objc\j2objc-annotations\1.1\j2objc-annotations-1.1.jar;C:\Users\xuhliu\.m2\repository\org\codehaus\mojo\animal-sniffer-annotations\1.14\animal-sniffer-annotations-1.14.jar;C:\Users\xuhliu\.m2\repository\com\squareup\okhttp3\okhttp\3.11.0\okhttp-3.11.0.jar;C:\Users\xuhliu\.m2\repository\com\squareup\okio\okio\1.14.0\okio-1.14.0.jar;C:\Users\xuhliu\.m2\repository\io\github\bonigarcia\webdrivermanager\3.6.1\webdrivermanager-3.6.1.jar;C:\Users\xuhliu\.m2\repository\commons-io\commons-io\2.6\commons-io-2.6.jar;C:\Users\xuhliu\.m2\repository\org\rauschig\jarchivelib\1.0.0\jarchivelib-1.0.0.jar;C:\Users\xuhliu\.m2\repository\org\apache\commons\commons-compress\1.18\commons-compress-1.18.jar;C:\Users\xuhliu\.m2\repository\org\jsoup\jsoup\1.11.3\jsoup-1.11.3.jar;C:\Users\xuhliu\.m2\repository\net\lightbody\bmp\browsermob-core\2.1.5\browsermob-core-2.1.5.jar;C:\Users\xuhliu\.m2\repository\net\lightbody\bmp\littleproxy\1.1.0-beta-bmp-17\littleproxy-1.1.0-beta-bmp-17.jar;C:\Users\xuhliu\.m2\repository\com\fasterxml\jackson\core\jackson-core\2.8.9\jackson-core-2.8.9.jar;C:\Users\xuhliu\.m2\repository\com\fasterxml\jackson\core\jackson-databind\2.8.9\jackson-databind-2.8.9.jar;C:\Users\xuhliu\.m2\repository\com\fasterxml\jackson\core\jackson-annotations\2.8.9\jackson-annotations-2.8.9.jar;C:\Users\xuhliu\.m2\repository\dnsjava\dnsjava\2.1.8\dnsjava-2.1.8.jar;C:\Users\xuhliu\.m2\repository\org\slf4j\jcl-over-slf4j\1.7.25\jcl-over-slf4j-1.7.25.jar;C:\Users\xuhliu\.m2\repository\com\jcraft\jzlib\1.1.3\jzlib-1.1.3.jar;C:\Users\xuhliu\.m2\repository\io\netty\netty-all\4.0.51.Final\netty-all-4.0.51.Final.jar;C:\Users\xuhliu\.m2\repository\org\bouncycastle\bcprov-jdk15on\1.58\bcprov-jdk15on-1.58.jar;C:\Users\xuhliu\.m2\repository\org\bouncycastle\bcpkix-jdk15on\1.58\bcpkix-jdk15on-1.58.jar;C:\Users\xuhliu\.m2\repository\net\lightbody\bmp\mitm\2.1.5\mitm-2.1.5.jar;C:\Users\xuhliu\.m2\repository\org\seleniumhq\selenium\htmlunit-driver\2.35.0\htmlunit-driver-2.35.0.jar;C:\Users\xuhliu\.m2\repository\org\seleniumhq\selenium\selenium-api\3.141.59\selenium-api-3.141.59.jar;C:\Users\xuhliu\.m2\repository\org\seleniumhq\selenium\selenium-support\3.141.59\selenium-support-3.141.59.jar;C:\Users\xuhliu\.m2\repository\net\sourceforge\htmlunit\htmlunit\2.35.0\htmlunit-2.35.0.jar;C:\Users\xuhliu\.m2\repository\xalan\xalan\2.7.2\xalan-2.7.2.jar;C:\Users\xuhliu\.m2\repository\xalan\serializer\2.7.2\serializer-2.7.2.jar;C:\Users\xuhliu\.m2\repository\org\apache\commons\commons-text\1.6\commons-text-1.6.jar;C:\Users\xuhliu\.m2\repository\org\apache\httpcomponents\httpmime\4.5.8\httpmime-4.5.8.jar;C:\Users\xuhliu\.m2\repository\net\sourceforge\htmlunit\htmlunit-core-js\2.35.0\htmlunit-core-js-2.35.0.jar;C:\Users\xuhliu\.m2\repository\net\sourceforge\htmlunit\neko-htmlunit\2.35.0\neko-htmlunit-2.35.0.jar;C:\Users\xuhliu\.m2\repository\xerces\xercesImpl\2.12.0\xercesImpl-2.12.0.jar;C:\Users\xuhliu\.m2\repository\xml-apis\xml-apis\1.4.01\xml-apis-1.4.01.jar;C:\Users\xuhliu\.m2\repository\net\sourceforge\htmlunit\htmlunit-cssparser\1.4.0\htmlunit-cssparser-1.4.0.jar;C:\Users\xuhliu\.m2\repository\commons-net\commons-net\3.6\commons-net-3.6.jar;C:\Users\xuhliu\.m2\repository\org\eclipse\jetty\websocket\websocket-client\9.4.16.v20190411\websocket-client-9.4.16.v20190411.jar;C:\Users\xuhliu\.m2\repository\org\eclipse\jetty\jetty-client\9.4.16.v20190411\jetty-client-9.4.16.v20190411.jar;C:\Users\xuhliu\.m2\repository\org\eclipse\jetty\jetty-http\9.4.16.v20190411\jetty-http-9.4.16.v20190411.jar;C:\Users\xuhliu\.m2\repository\org\eclipse\jetty\jetty-xml\9.4.16.v20190411\jetty-xml-9.4.16.v20190411.jar;C:\Users\xuhliu\.m2\repository\org\eclipse\jetty\jetty-util\9.4.16.v20190411\jetty-util-9.4.16.v20190411.jar;C:\Users\xuhliu\.m2\repository\org\eclipse\jetty\jetty-io\9.4.16.v20190411\jetty-io-9.4.16.v20190411.jar;C:\Users\xuhliu\.m2\repository\org\eclipse\jetty\websocket\websocket-common\9.4.16.v20190411\websocket-common-9.4.16.v20190411.jar;C:\Users\xuhliu\.m2\repository\org\eclipse\jetty\websocket\websocket-api\9.4.16.v20190411\websocket-api-9.4.16.v20190411.jar;C:\Users\xuhliu\.m2\repository\org\springframework\spring-test\5.1.8.RELEASE\spring-test-5.1.8.RELEASE.jar;C:\Users\xuhliu\.m2\repository\com\microsoft\azure\applicationinsights-web-auto\2.5.0\applicationinsights-web-auto-2.5.0.jar;C:\Users\xuhliu\.m2\repository\com\microsoft\azure\applicationinsights-logging-log4j1_2\2.5.1-BETA\applicationinsights-logging-log4j1_2-2.5.1-BETA.jar;C:\Users\xuhliu\.m2\repository\com\microsoft\azure\applicationinsights-core\2.5.1-BETA\applicationinsights-core-2.5.1-BETA.jar;C:\Users\xuhliu\.m2\repository\com\microsoft\azure\applicationinsights-spring-boot-starter\1.1.1\applicationinsights-spring-boot-starter-1.1.1.jar;C:\Users\xuhliu\.m2\repository\com\microsoft\azure\applicationinsights-web\2.3.0\applicationinsights-web-2.3.0.jar;C:\Users\xuhliu\.m2\repository\com\rahoogan\log4j\log4j-eventhub-appender\1.0-SNAPSHOT\log4j-eventhub-appender-1.0-SNAPSHOT.jar;C:\Users\xuhliu\.m2\repository\org\apache\logging\log4j\log4j-core\2.0\log4j-core-2.0.jar;C:\Users\xuhliu\.m2\repository\org\apache\logging\log4j\log4j-api\2.0\log4j-api-2.0.jar;C:\Users\xuhliu\.m2\repository\org\apache\logging\log4j\log4j-slf4j-impl\2.0\log4j-slf4j-impl-2.0.jar;C:\Users\xuhliu\.m2\repository\com\microsoft\azure\azure-eventhubs\1.0.2\azure-eventhubs-1.0.2.jar;C:\Users\xuhliu\.m2\repository\org\apache\qpid\proton-j\0.25.0\proton-j-0.25.0.jar;C:\Users\xuhliu\.m2\repository\com\google\code\gson\gson\2.6.2\gson-2.6.2.jar;C:\Users\xuhliu\.m2\repository\org\apache\commons\commons-lang3\3.4\commons-lang3-3.4.jar;C:\Users\xuhliu\.m2\repository\org\apache\httpcomponents\httpclient\4.5.6\httpclient-4.5.6.jar;C:\Users\xuhliu\.m2\repository\org\apache\httpcomponents\httpcore\4.4.10\httpcore-4.4.10.jar;C:\Users\xuhliu\.m2\repository\commons-codec\commons-codec\1.10\commons-codec-1.10.jar;C:\Users\xuhliu\.m2\repository\org\slf4j\slf4j-api\1.7.12\slf4j-api-1.7.12.jar;C:\Users\xuhliu\.m2\repository\org\slf4j\slf4j-log4j12\1.7.12\slf4j-log4j12-1.7.12.jar;"/>
    <property name="java.vm.vendor" value="Oracle Corporation"/>
    <property name="sun.arch.data.model" value="64"/>
    <property name="user.variant" value=""/>
    <property name="java.vendor.url" value="https://java.oracle.com/"/>
    <property name="user.timezone" value="America/New_York"/>
    <property name="os.name" value="Windows 10"/>
    <property name="java.vm.specification.version" value="12"/>
    <property name="sun.java.launcher" value="SUN_STANDARD"/>
    <property name="user.country" value="US"/>
    <property name="sun.boot.library.path" value="C:\Program Files\Java\jdk-12.0.1\bin"/>
    <property name="sun.java.command" value="C:\Users\xuhliu\AppData\Local\Temp\surefire14734933352549538499\surefirebooter12733498023277101077.jar C:\Users\xuhliu\AppData\Local\Temp\surefire14734933352549538499 2019-10-11T10-44-49_524-jvmRun1 surefire8497570343453205187tmp surefire_011970462062233119570tmp"/>
    <property name="jdk.debug" value="release"/>
    <property name="surefire.test.class.path" value="C:\Users\xuhliu\Desktop\petstore.xuhliu\target\test-classes;C:\Users\xuhliu\Desktop\petstore.xuhliu\target\classes;C:\Users\xuhliu\.m2\repository\org\mybatis\mybatis\3.5.2\mybatis-3.5.2.jar;C:\Users\xuhliu\.m2\repository\org\mybatis\mybatis-spring\2.0.2\mybatis-spring-2.0.2.jar;C:\Users\xuhliu\.m2\repository\org\springframework\spring-context\5.1.8.RELEASE\spring-context-5.1.8.RELEASE.jar;C:\Users\xuhliu\.m2\repository\org\springframework\spring-aop\5.1.8.RELEASE\spring-aop-5.1.8.RELEASE.jar;C:\Users\xuhliu\.m2\repository\org\springframework\spring-beans\5.1.8.RELEASE\spring-beans-5.1.8.RELEASE.jar;C:\Users\xuhliu\.m2\repository\org\springframework\spring-core\5.1.8.RELEASE\spring-core-5.1.8.RELEASE.jar;C:\Users\xuhliu\.m2\repository\org\springframework\spring-jcl\5.1.8.RELEASE\spring-jcl-5.1.8.RELEASE.jar;C:\Users\xuhliu\.m2\repository\org\springframework\spring-expression\5.1.8.RELEASE\spring-expression-5.1.8.RELEASE.jar;C:\Users\xuhliu\.m2\repository\org\springframework\spring-jdbc\5.1.8.RELEASE\spring-jdbc-5.1.8.RELEASE.jar;C:\Users\xuhliu\.m2\repository\org\springframework\spring-tx\5.1.8.RELEASE\spring-tx-5.1.8.RELEASE.jar;C:\Users\xuhliu\.m2\repository\org\springframework\spring-web\5.1.8.RELEASE\spring-web-5.1.8.RELEASE.jar;C:\Users\xuhliu\.m2\repository\net\sourceforge\stripes\stripes\1.6.0\stripes-1.6.0.jar;C:\Users\xuhliu\.m2\repository\commons-logging\commons-logging\1.1.3\commons-logging-1.1.3.jar;C:\Users\xuhliu\.m2\repository\org\apache\taglibs\taglibs-standard-spec\1.2.5\taglibs-standard-spec-1.2.5.jar;C:\Users\xuhliu\.m2\repository\org\apache\taglibs\taglibs-standard-impl\1.2.5\taglibs-standard-impl-1.2.5.jar;C:\Users\xuhliu\.m2\repository\javax\servlet\jsp\javax.servlet.jsp-api\2.2.1\javax.servlet.jsp-api-2.2.1.jar;C:\Users\xuhliu\.m2\repository\javax\servlet\javax.servlet-api\3.0.1\javax.servlet-api-3.0.1.jar;C:\Users\xuhliu\.m2\repository\log4j\log4j\1.2.17\log4j-1.2.17.jar;C:\Users\xuhliu\.m2\repository\org\hsqldb\hsqldb\2.5.0\hsqldb-2.5.0.jar;C:\Users\xuhliu\.m2\repository\org\junit\jupiter\junit-jupiter-engine\5.5.0\junit-jupiter-engine-5.5.0.jar;C:\Users\xuhliu\.m2\repository\org\apiguardian\apiguardian-api\1.1.0\apiguardian-api-1.1.0.jar;C:\Users\xuhliu\.m2\repository\org\junit\platform\junit-platform-engine\1.5.0\junit-platform-engine-1.5.0.jar;C:\Users\xuhliu\.m2\repository\org\opentest4j\opentest4j\1.2.0\opentest4j-1.2.0.jar;C:\Users\xuhliu\.m2\repository\org\junit\platform\junit-platform-commons\1.5.0\junit-platform-commons-1.5.0.jar;C:\Users\xuhliu\.m2\repository\org\junit\jupiter\junit-jupiter-api\5.5.0\junit-jupiter-api-5.5.0.jar;C:\Users\xuhliu\.m2\repository\org\mockito\mockito-core\3.0.0\mockito-core-3.0.0.jar;C:\Users\xuhliu\.m2\repository\net\bytebuddy\byte-buddy\1.9.10\byte-buddy-1.9.10.jar;C:\Users\xuhliu\.m2\repository\net\bytebuddy\byte-buddy-agent\1.9.10\byte-buddy-agent-1.9.10.jar;C:\Users\xuhliu\.m2\repository\org\objenesis\objenesis\2.6\objenesis-2.6.jar;C:\Users\xuhliu\.m2\repository\org\mockito\mockito-junit-jupiter\3.0.0\mockito-junit-jupiter-3.0.0.jar;C:\Users\xuhliu\.m2\repository\org\assertj\assertj-core\3.12.2\assertj-core-3.12.2.jar;C:\Users\xuhliu\.m2\repository\com\codeborne\selenide\5.2.4\selenide-5.2.4.jar;C:\Users\xuhliu\.m2\repository\org\seleniumhq\selenium\selenium-java\3.141.59\selenium-java-3.141.59.jar;C:\Users\xuhliu\.m2\repository\org\seleniumhq\selenium\selenium-chrome-driver\3.141.59\selenium-chrome-driver-3.141.59.jar;C:\Users\xuhliu\.m2\repository\org\seleniumhq\selenium\selenium-edge-driver\3.141.59\selenium-edge-driver-3.141.59.jar;C:\Users\xuhliu\.m2\repository\org\seleniumhq\selenium\selenium-firefox-driver\3.141.59\selenium-firefox-driver-3.141.59.jar;C:\Users\xuhliu\.m2\repository\org\seleniumhq\selenium\selenium-ie-driver\3.141.59\selenium-ie-driver-3.141.59.jar;C:\Users\xuhliu\.m2\repository\org\seleniumhq\selenium\selenium-opera-driver\3.141.59\selenium-opera-driver-3.141.59.jar;C:\Users\xuhliu\.m2\repository\org\seleniumhq\selenium\selenium-remote-driver\3.141.59\selenium-remote-driver-3.141.59.jar;C:\Users\xuhliu\.m2\repository\org\seleniumhq\selenium\selenium-safari-driver\3.141.59\selenium-safari-driver-3.141.59.jar;C:\Users\xuhliu\.m2\repository\org\apache\commons\commons-exec\1.3\commons-exec-1.3.jar;C:\Users\xuhliu\.m2\repository\com\google\guava\guava\25.0-jre\guava-25.0-jre.jar;C:\Users\xuhliu\.m2\repository\com\google\code\findbugs\jsr305\1.3.9\jsr305-1.3.9.jar;C:\Users\xuhliu\.m2\repository\org\checkerframework\checker-compat-qual\2.0.0\checker-compat-qual-2.0.0.jar;C:\Users\xuhliu\.m2\repository\com\google\errorprone\error_prone_annotations\2.1.3\error_prone_annotations-2.1.3.jar;C:\Users\xuhliu\.m2\repository\com\google\j2objc\j2objc-annotations\1.1\j2objc-annotations-1.1.jar;C:\Users\xuhliu\.m2\repository\org\codehaus\mojo\animal-sniffer-annotations\1.14\animal-sniffer-annotations-1.14.jar;C:\Users\xuhliu\.m2\repository\com\squareup\okhttp3\okhttp\3.11.0\okhttp-3.11.0.jar;C:\Users\xuhliu\.m2\repository\com\squareup\okio\okio\1.14.0\okio-1.14.0.jar;C:\Users\xuhliu\.m2\repository\io\github\bonigarcia\webdrivermanager\3.6.1\webdrivermanager-3.6.1.jar;C:\Users\xuhliu\.m2\repository\commons-io\commons-io\2.6\commons-io-2.6.jar;C:\Users\xuhliu\.m2\repository\org\rauschig\jarchivelib\1.0.0\jarchivelib-1.0.0.jar;C:\Users\xuhliu\.m2\repository\org\apache\commons\commons-compress\1.18\commons-compress-1.18.jar;C:\Users\xuhliu\.m2\repository\org\jsoup\jsoup\1.11.3\jsoup-1.11.3.jar;C:\Users\xuhliu\.m2\repository\net\lightbody\bmp\browsermob-core\2.1.5\browsermob-core-2.1.5.jar;C:\Users\xuhliu\.m2\repository\net\lightbody\bmp\littleproxy\1.1.0-beta-bmp-17\littleproxy-1.1.0-beta-bmp-17.jar;C:\Users\xuhliu\.m2\repository\com\fasterxml\jackson\core\jackson-core\2.8.9\jackson-core-2.8.9.jar;C:\Users\xuhliu\.m2\repository\com\fasterxml\jackson\core\jackson-databind\2.8.9\jackson-databind-2.8.9.jar;C:\Users\xuhliu\.m2\repository\com\fasterxml\jackson\core\jackson-annotations\2.8.9\jackson-annotations-2.8.9.jar;C:\Users\xuhliu\.m2\repository\dnsjava\dnsjava\2.1.8\dnsjava-2.1.8.jar;C:\Users\xuhliu\.m2\repository\org\slf4j\jcl-over-slf4j\1.7.25\jcl-over-slf4j-1.7.25.jar;C:\Users\xuhliu\.m2\repository\com\jcraft\jzlib\1.1.3\jzlib-1.1.3.jar;C:\Users\xuhliu\.m2\repository\io\netty\netty-all\4.0.51.Final\netty-all-4.0.51.Final.jar;C:\Users\xuhliu\.m2\repository\org\bouncycastle\bcprov-jdk15on\1.58\bcprov-jdk15on-1.58.jar;C:\Users\xuhliu\.m2\repository\org\bouncycastle\bcpkix-jdk15on\1.58\bcpkix-jdk15on-1.58.jar;C:\Users\xuhliu\.m2\repository\net\lightbody\bmp\mitm\2.1.5\mitm-2.1.5.jar;C:\Users\xuhliu\.m2\repository\org\seleniumhq\selenium\htmlunit-driver\2.35.0\htmlunit-driver-2.35.0.jar;C:\Users\xuhliu\.m2\repository\org\seleniumhq\selenium\selenium-api\3.141.59\selenium-api-3.141.59.jar;C:\Users\xuhliu\.m2\repository\org\seleniumhq\selenium\selenium-support\3.141.59\selenium-support-3.141.59.jar;C:\Users\xuhliu\.m2\repository\net\sourceforge\htmlunit\htmlunit\2.35.0\htmlunit-2.35.0.jar;C:\Users\xuhliu\.m2\repository\xalan\xalan\2.7.2\xalan-2.7.2.jar;C:\Users\xuhliu\.m2\repository\xalan\serializer\2.7.2\serializer-2.7.2.jar;C:\Users\xuhliu\.m2\repository\org\apache\commons\commons-text\1.6\commons-text-1.6.jar;C:\Users\xuhliu\.m2\repository\org\apache\httpcomponents\httpmime\4.5.8\httpmime-4.5.8.jar;C:\Users\xuhliu\.m2\repository\net\sourceforge\htmlunit\htmlunit-core-js\2.35.0\htmlunit-core-js-2.35.0.jar;C:\Users\xuhliu\.m2\repository\net\sourceforge\htmlunit\neko-htmlunit\2.35.0\neko-htmlunit-2.35.0.jar;C:\Users\xuhliu\.m2\repository\xerces\xercesImpl\2.12.0\xercesImpl-2.12.0.jar;C:\Users\xuhliu\.m2\repository\xml-apis\xml-apis\1.4.01\xml-apis-1.4.01.jar;C:\Users\xuhliu\.m2\repository\net\sourceforge\htmlunit\htmlunit-cssparser\1.4.0\htmlunit-cssparser-1.4.0.jar;C:\Users\xuhliu\.m2\repository\commons-net\commons-net\3.6\commons-net-3.6.jar;C:\Users\xuhliu\.m2\repository\org\eclipse\jetty\websocket\websocket-client\9.4.16.v20190411\websocket-client-9.4.16.v20190411.jar;C:\Users\xuhliu\.m2\repository\org\eclipse\jetty\jetty-client\9.4.16.v20190411\jetty-client-9.4.16.v20190411.jar;C:\Users\xuhliu\.m2\repository\org\eclipse\jetty\jetty-http\9.4.16.v20190411\jetty-http-9.4.16.v20190411.jar;C:\Users\xuhliu\.m2\repository\org\eclipse\jetty\jetty-xml\9.4.16.v20190411\jetty-xml-9.4.16.v20190411.jar;C:\Users\xuhliu\.m2\repository\org\eclipse\jetty\jetty-util\9.4.16.v20190411\jetty-util-9.4.16.v20190411.jar;C:\Users\xuhliu\.m2\repository\org\eclipse\jetty\jetty-io\9.4.16.v20190411\jetty-io-9.4.16.v20190411.jar;C:\Users\xuhliu\.m2\repository\org\eclipse\jetty\websocket\websocket-common\9.4.16.v20190411\websocket-common-9.4.16.v20190411.jar;C:\Users\xuhliu\.m2\repository\org\eclipse\jetty\websocket\websocket-api\9.4.16.v20190411\websocket-api-9.4.16.v20190411.jar;C:\Users\xuhliu\.m2\repository\org\springframework\spring-test\5.1.8.RELEASE\spring-test-5.1.8.RELEASE.jar;C:\Users\xuhliu\.m2\repository\com\microsoft\azure\applicationinsights-web-auto\2.5.0\applicationinsights-web-auto-2.5.0.jar;C:\Users\xuhliu\.m2\repository\com\microsoft\azure\applicationinsights-logging-log4j1_2\2.5.1-BETA\applicationinsights-logging-log4j1_2-2.5.1-BETA.jar;C:\Users\xuhliu\.m2\repository\com\microsoft\azure\applicationinsights-core\2.5.1-BETA\applicationinsights-core-2.5.1-BETA.jar;C:\Users\xuhliu\.m2\repository\com\microsoft\azure\applicationinsights-spring-boot-starter\1.1.1\applicationinsights-spring-boot-starter-1.1.1.jar;C:\Users\xuhliu\.m2\repository\com\microsoft\azure\applicationinsights-web\2.3.0\applicationinsights-web-2.3.0.jar;C:\Users\xuhliu\.m2\repository\com\rahoogan\log4j\log4j-eventhub-appender\1.0-SNAPSHOT\log4j-eventhub-appender-1.0-SNAPSHOT.jar;C:\Users\xuhliu\.m2\repository\org\apache\logging\log4j\log4j-core\2.0\log4j-core-2.0.jar;C:\Users\xuhliu\.m2\repository\org\apache\logging\log4j\log4j-api\2.0\log4j-api-2.0.jar;C:\Users\xuhliu\.m2\repository\org\apache\logging\log4j\log4j-slf4j-impl\2.0\log4j-slf4j-impl-2.0.jar;C:\Users\xuhliu\.m2\repository\com\microsoft\azure\azure-eventhubs\1.0.2\azure-eventhubs-1.0.2.jar;C:\Users\xuhliu\.m2\repository\org\apache\qpid\proton-j\0.25.0\proton-j-0.25.0.jar;C:\Users\xuhliu\.m2\repository\com\google\code\gson\gson\2.6.2\gson-2.6.2.jar;C:\Users\xuhliu\.m2\repository\org\apache\commons\commons-lang3\3.4\commons-lang3-3.4.jar;C:\Users\xuhliu\.m2\repository\org\apache\httpcomponents\httpclient\4.5.6\httpclient-4.5.6.jar;C:\Users\xuhliu\.m2\repository\org\apache\httpcomponents\httpcore\4.4.10\httpcore-4.4.10.jar;C:\Users\xuhliu\.m2\repository\commons-codec\commons-codec\1.10\commons-codec-1.10.jar;C:\Users\xuhliu\.m2\repository\org\slf4j\slf4j-api\1.7.12\slf4j-api-1.7.12.jar;C:\Users\xuhliu\.m2\repository\org\slf4j\slf4j-log4j12\1.7.12\slf4j-log4j12-1.7.12.jar;"/>
    <property name="sun.cpu.endian" value="little"/>
    <property name="user.home" value="C:\Users\xuhliu"/>
    <property name="user.language" value="en"/>
    <property name="java.specification.vendor" value="Oracle Corporation"/>
    <property name="java.version.date" value="2019-04-16"/>
    <property name="java.home" value="C:\Program Files\Java\jdk-12.0.1"/>
    <property name="file.separator" value="\"/>
    <property name="basedir" value="C:\Users\xuhliu\Desktop\petstore.xuhliu"/>
    <property name="java.vm.compressedOopsMode" value="Zero based"/>
    <property name="line.separator" value="&#10;"/>
    <property name="java.vm.specification.vendor" value="Oracle Corporation"/>
    <property name="jdk.attach.allowAttachSelf" value=""/>
    <property name="java.specification.name" value="Java Platform API Specification"/>
    <property name="java.awt.graphicsenv" value="sun.awt.Win32GraphicsEnvironment"/>
    <property name="surefire.real.class.path" value="C:\Users\xuhliu\AppData\Local\Temp\surefire14734933352549538499\surefirebooter12733498023277101077.jar"/>
    <property name="user.script" value=""/>
    <property name="sun.management.compiler" value="HotSpot 64-Bit Tiered Compilers"/>
    <property name="java.runtime.version" value="12.0.1+12"/>
    <property name="user.name" value="xuhliu"/>
    <property name="path.separator" value=";"/>
    <property name="os.version" value="10.0"/>
    <property name="java.runtime.name" value="Java(TM) SE Runtime Environment"/>
    <property name="file.encoding" value="Cp1252"/>
    <property name="java.vm.name" value="Java HotSpot(TM) 64-Bit Server VM"/>
    <property name="localRepository" value="C:\Users\xuhliu\.m2\repository"/>
    <property name="java.vendor.url.bug" value="https://bugreport.java.com/bugreport/"/>
    <property name="java.io.tmpdir" value="C:\Users\xuhliu\AppData\Local\Temp\"/>
    <property name="java.version" value="12.0.1"/>
    <property name="user.dir" value="C:\Users\xuhliu\Desktop\petstore.xuhliu"/>
    <property name="os.arch" value="amd64"/>
    <property name="java.vm.specification.name" value="Java Virtual Machine Specification"/>
    <property name="sun.os.patch.level" value=""/>
    <property name="java.library.path" value="C:\Program Files\Java\jdk-12.0.1\bin;C:\WINDOWS\Sun\Java\bin;C:\WINDOWS\system32;C:\WINDOWS;C:\Program Files (x86)\Common Files\Oracle\Java\javapath;C:\Program Files (x86)\Microsoft SDKs\Azure\CLI2\wbin;C:\Program Files\Common Files\Microsoft Shared\Microsoft Online Services;C:\Program Files (x86)\Common Files\Microsoft Shared\Microsoft Online Services;C:\WINDOWS\system32;C:\WINDOWS;C:\WINDOWS\System32\Wbem;C:\WINDOWS\System32\WindowsPowerShell\v1.0\;C:\WINDOWS\System32\OpenSSH\;C:\Program Files\Microsoft SQL Server\130\Tools\Binn\;C:\Program Files\Microsoft VS Code\bin;C:\Program Files (x86)\dotnet\;C:\Program Files\Git\cmd;C:\Program Files\Microsoft\Web Platform Installer\;C:\Program Files\Microsoft Service Fabric\bin\Fabric\Fabric.Code;C:\Program Files\Microsoft SDKs\Service Fabric\Tools\ServiceFabricLocalClusterManager;C:\Program Files (x86)\Microsoft SDKs\Azure\CLI\wbin;C:\Program Files\PuTTY\;C:\Users\xuhliu\.azure-kubectl;C:\Users\xuhliu\AppData\Local\Packages\Microsoft.MicrosoftEdge_8wekyb3d8bbwe\TempState\Downloads\helm-v2.11.0-windows-amd64 (1)\windows-amd64;C:\ProgramData\chocolatey\bin;C:\Program Files\dotnet\;C:\Users\xuhliu\AppData\Local\Programs\Python\Python37-32;C:\Users\xuhliu\AppData\Local\Programs\Python\Python37-32\Scripts;C:\Program Files\Microsoft SQL Server\110\Tools\Binn\;C:\Program Files\nodejs\;C:\Program Files (x86)\Yarn\bin\;C:\Users\xuhliu\AppData\Local\Programs\Python\Python36\Scripts\;C:\Users\xuhliu\AppData\Local\Programs\Python\Python36\;C:\Users\xuhliu\Scripts\;C:\Users\xuhliu\;C:\Users\xuhliu\AppData\Local\Microsoft\WindowsApps;C:\Users\xuhliu\.dotnet\tools;C:\Users\xuhliu\AppData\Local\Microsoft\WindowsApps;C:\root_v5.34.36\bin;C:\Users\xuhliu\AppData\Roaming\npm;C:\Users\xuhliu\AppData\Local\Yarn\bin;C:\Program Files\Java\jdk-12.0.1\bin;C:\Users\xuhliu\Downloads\apache-maven-3.6.1-bin\apache-maven-3.6.1\bin;C:\Program Files\MongoDB\Server\4.0\bin;;."/>
    <property name="java.vm.info" value="mixed mode, sharing"/>
    <property name="java.vendor" value="Oracle Corporation"/>
    <property name="java.vm.version" value="12.0.1+12"/>
    <property name="sun.io.unicode.encoding" value="UnicodeLittle"/>
    <property name="java.class.version" value="56.0"/>
  </properties>
  <testcase name="initOrder" classname="org.mybatis.jpetstore.domain.OrderTest" time="0"/>
</testsuite>